<?xml version="1.0" encoding="utf-8" standalone="no"?>
<!--This file represents the results of running a test suite-->
<test-results name="C:\Users\Sys\Desktop\TestProejct\TestProejct\bin\Debug\TestProject.dll" total="0" errors="0" failures="0" not-run="0" inconclusive="0" ignored="0" skipped="0" invalid="0" date="2014-11-16" time="22:47:25">
  <environment nunit-version="2.6.3.13283" clr-version="2.0.50727.8009" os-version="Microsoft Windows NT 6.2.9200.0" platform="Win32NT" cwd="C:\Program Files (x86)\NUnit 2.6.3\bin" machine-name="SYS-PC" user="Sys" user-domain="Sys-PC" />
  <culture-info current-culture="hu-HU" current-uiculture="hu-HU" />
  <test-suite type="Assembly" name="C:\Users\Sys\Desktop\TestProejct\TestProejct\bin\Debug\TestProject.dll" executed="True" result="Inconclusive" success="False" time="0.006" asserts="0">
    <results>
      <test-suite type="Namespace" name="TestProject" executed="True" result="Inconclusive" success="False" time="0.004" asserts="0">
        <results>
          <test-suite type="TestFixture" name="LocalizationTestingWithXML" executed="True" result="Inconclusive" success="False" time="0.002" asserts="0">
            <results>
              <test-suite type="ParameterizedTest" name="DataDrivenTest" executed="True" result="Inconclusive" success="False" time="0.000" asserts="0" />
            </results>
          </test-suite>
        </results>
      </test-suite>
    </results>
  </test-suite>
</test-results>